<?xml version="1.0" encoding="UTF-8"?>
<testsuite xmlns:xsi="http://www.w3.org/2001/XMLSchema-instance" xsi:noNamespaceSchemaLocation="https://maven.apache.org/surefire/maven-surefire-plugin/xsd/surefire-test-report.xsd" version="3.0.2" name="com.example.route.OrderEventProcessorTest" time="0.181" tests="11" errors="0" skipped="0" failures="0">
  <properties>
[...]
</properties>
  <testcase name="shouldReThrowExceptionOnFailure" classname="com.example.route.OrderEventProcessorTest" time="0.158">
    <system-out><![CDATA[2026-01-02 08:57:14.692  INFO [kafka-order-processor-test,,] --- [           main] com.example.route.OrderEventProcessor    : ╔══════════════════════════════════════════════════════════════╗
2026-01-02 08:57:14.693  INFO [kafka-order-processor-test,,] --- [           main] com.example.route.OrderEventProcessor    : ║ Processing EVENT: EVT-001 | Type: ORDER_CREATED                               
2026-01-02 08:57:14.693  INFO [kafka-order-processor-test,,] --- [           main] com.example.route.OrderEventProcessor    : ║ Trading Partner: ACME-CORP | Business Unit: WEST-REGION                       
2026-01-02 08:57:14.693  INFO [kafka-order-processor-test,,] --- [           main] com.example.route.OrderEventProcessor    : ╚══════════════════════════════════════════════════════════════╝
2026-01-02 08:57:14.693 ERROR [kafka-order-processor-test,,] --- [           main] com.example.route.OrderEventProcessor    : Failed to process event EVT-001: MongoDB connection failed
java.lang.RuntimeException: MongoDB connection failed
	at com.example.service.OrderFetchService.fetchOrdersForEvent(OrderFetchService.java:57)
	at com.example.route.OrderEventProcessor.fetchOrders(OrderEventProcessor.java:114)
	at com.example.route.OrderEventProcessor.process(OrderEventProcessor.java:83)
	at com.example.route.OrderEventProcessorTest.lambda$shouldReThrowExceptionOnFailure$0(OrderEventProcessorTest.java:274)
	at org.assertj.core.api.ThrowableAssert.catchThrowable(ThrowableAssert.java:63)
	at org.assertj.core.api.AssertionsForClassTypes.catchThrowable(AssertionsForClassTypes.java:905)
	at org.assertj.core.api.Assertions.catchThrowable(Assertions.java:1473)
	at org.assertj.core.api.Assertions.assertThatThrownBy(Assertions.java:1316)
	at com.example.route.OrderEventProcessorTest.shouldReThrowExceptionOnFailure(OrderEventProcessorTest.java:274)
	at java.base/jdk.internal.reflect.DirectMethodHandleAccessor.invoke(DirectMethodHandleAccessor.java:104)
	at java.base/java.lang.reflect.Method.invoke(Method.java:565)
	at org.junit.platform.commons.util.ReflectionUtils.invokeMethod(ReflectionUtils.java:701)
	at org.junit.platform.commons.support.ReflectionSupport.invokeMethod(ReflectionSupport.java:502)
	at org.junit.jupiter.engine.support.MethodReflectionUtils.invoke(MethodReflectionUtils.java:45)
	at org.junit.jupiter.engine.execution.MethodInvocation.proceed(MethodInvocation.java:61)
	at org.junit.jupiter.engine.execution.InvocationInterceptorChain$ValidatingInvocation.proceed(InvocationInterceptorChain.java:124)
	at org.junit.jupiter.engine.extension.TimeoutExtension.intercept(TimeoutExtension.java:163)
	at org.junit.jupiter.engine.extension.TimeoutExtension.interceptTestableMethod(TimeoutExtension.java:148)
	at org.junit.jupiter.engine.extension.TimeoutExtension.interceptTestMethod(TimeoutExtension.java:86)
	at org.junit.jupiter.engine.execution.InterceptingExecutableInvoker$ReflectiveInterceptorCall.lambda$ofVoidMethod$0(InterceptingExecutableInvoker.java:123)
	at org.junit.jupiter.engine.execution.InterceptingExecutableInvoker.lambda$invoke$0(InterceptingExecutableInvoker.java:105)
	at org.junit.jupiter.engine.execution.InvocationInterceptorChain$InterceptedInvocation.proceed(InvocationInterceptorChain.java:99)
	at org.junit.jupiter.engine.execution.InvocationInterceptorChain.proceed(InvocationInterceptorChain.java:66)
	at org.junit.jupiter.engine.execution.InvocationInterceptorChain.chainAndInvoke(InvocationInterceptorChain.java:47)
	at org.junit.jupiter.engine.execution.InvocationInterceptorChain.invoke(InvocationInterceptorChain.java:39)
	at org.junit.jupiter.engine.execution.InterceptingExecutableInvoker.invoke(InterceptingExecutableInvoker.java:104)
	at org.junit.jupiter.engine.execution.InterceptingExecutableInvoker.invoke(InterceptingExecutableInvoker.java:98)
	at org.junit.jupiter.engine.execution.InterceptingExecutableInvoker.invokeVoid(InterceptingExecutableInvoker.java:71)
	at org.junit.jupiter.engine.descriptor.TestMethodTestDescriptor.lambda$invokeTestMethod$0(TestMethodTestDescriptor.java:219)
	at org.junit.platform.engine.support.hierarchical.ThrowableCollector.execute(ThrowableCollector.java:74)
	at org.junit.jupiter.engine.descriptor.TestMethodTestDescriptor.invokeTestMethod(TestMethodTestDescriptor.java:215)
	at org.junit.jupiter.engine.descriptor.TestMethodTestDescriptor.execute(TestMethodTestDescriptor.java:157)
	at org.junit.jupiter.engine.descriptor.TestMethodTestDescriptor.execute(TestMethodTestDescriptor.java:70)
	at org.junit.platform.engine.support.hierarchical.NodeTestTask.lambda$executeRecursively$2(NodeTestTask.java:176)
	at org.junit.platform.engine.support.hierarchical.ThrowableCollector.execute(ThrowableCollector.java:74)
	at org.junit.platform.engine.support.hierarchical.NodeTestTask.lambda$executeRecursively$1(NodeTestTask.java:166)
	at org.junit.platform.engine.support.hierarchical.Node.around(Node.java:138)
	at org.junit.platform.engine.support.hierarchical.NodeTestTask.lambda$executeRecursively$0(NodeTestTask.java:164)
	at org.junit.platform.engine.support.hierarchical.ThrowableCollector.execute(ThrowableCollector.java:74)
	at org.junit.platform.engine.support.hierarchical.NodeTestTask.executeRecursively(NodeTestTask.java:163)
	at org.junit.platform.engine.support.hierarchical.NodeTestTask.execute(NodeTestTask.java:116)
	at java.base/java.util.ArrayList.forEach(ArrayList.java:1604)
	at org.junit.platform.engine.support.hierarchical.SameThreadHierarchicalTestExecutorService.invokeAll(SameThreadHierarchicalTestExecutorService.java:42)
	at org.junit.platform.engine.support.hierarchical.NodeTestTask.lambda$executeRecursively$2(NodeTestTask.java:180)
	at org.junit.platform.engine.support.hierarchical.ThrowableCollector.execute(ThrowableCollector.java:74)
	at org.junit.platform.engine.support.hierarchical.NodeTestTask.lambda$executeRecursively$1(NodeTestTask.java:166)
	at org.junit.platform.engine.support.hierarchical.Node.around(Node.java:138)
	at org.junit.platform.engine.support.hierarchical.NodeTestTask.lambda$executeRecursively$0(NodeTestTask.java:164)
	at org.junit.platform.engine.support.hierarchical.ThrowableCollector.execute(ThrowableCollector.java:74)
	at org.junit.platform.engine.support.hierarchical.NodeTestTask.executeRecursively(NodeTestTask.java:163)
	at org.junit.platform.engine.support.hierarchical.NodeTestTask.execute(NodeTestTask.java:116)
	at java.base/java.util.ArrayList.forEach(ArrayList.java:1604)
	at org.junit.platform.engine.support.hierarchical.SameThreadHierarchicalTestExecutorService.invokeAll(SameThreadHierarchicalTestExecutorService.java:42)
	at org.junit.platform.engine.support.hierarchical.NodeTestTask.lambda$executeRecursively$2(NodeTestTask.java:180)
	at org.junit.platform.engine.support.hierarchical.ThrowableCollector.execute(ThrowableCollector.java:74)
	at org.junit.platform.engine.support.hierarchical.NodeTestTask.lambda$executeRecursively$1(NodeTestTask.java:166)
	at org.junit.platform.engine.support.hierarchical.Node.around(Node.java:138)
	at org.junit.platform.engine.support.hierarchical.NodeTestTask.lambda$executeRecursively$0(NodeTestTask.java:164)
	at org.junit.platform.engine.support.hierarchical.ThrowableCollector.execute(ThrowableCollector.java:74)
	at org.junit.platform.engine.support.hierarchical.NodeTestTask.executeRecursively(NodeTestTask.java:163)
	at org.junit.platform.engine.support.hierarchical.NodeTestTask.execute(NodeTestTask.java:116)
	at org.junit.platform.engine.support.hierarchical.SameThreadHierarchicalTestExecutorService.submit(SameThreadHierarchicalTestExecutorService.java:36)
	at org.junit.platform.engine.support.hierarchical.HierarchicalTestExecutor.execute(HierarchicalTestExecutor.java:52)
	at org.junit.platform.engine.support.hierarchical.HierarchicalTestEngine.execute(HierarchicalTestEngine.java:58)
	at org.junit.platform.launcher.core.EngineExecutionOrchestrator.executeEngine(EngineExecutionOrchestrator.java:246)
	at org.junit.platform.launcher.core.EngineExecutionOrchestrator.failOrExecuteEngine(EngineExecutionOrchestrator.java:218)
	at org.junit.platform.launcher.core.EngineExecutionOrchestrator.execute(EngineExecutionOrchestrator.java:179)
	at org.junit.platform.launcher.core.EngineExecutionOrchestrator.execute(EngineExecutionOrchestrator.java:108)
	at org.junit.platform.launcher.core.EngineExecutionOrchestrator.lambda$execute$0(EngineExecutionOrchestrator.java:66)
	at org.junit.platform.launcher.core.EngineExecutionOrchestrator.withInterceptedStreams(EngineExecutionOrchestrator.java:157)
	at org.junit.platform.launcher.core.EngineExecutionOrchestrator.execute(EngineExecutionOrchestrator.java:65)
	at org.junit.platform.launcher.core.DefaultLauncher.execute(DefaultLauncher.java:125)
	at org.junit.platform.launcher.core.DefaultLauncher.execute(DefaultLauncher.java:114)
	at org.junit.platform.launcher.core.DelegatingLauncher.execute(DelegatingLauncher.java:58)
	at org.junit.platform.launcher.core.InterceptingLauncher.lambda$execute$2(InterceptingLauncher.java:57)
	at org.junit.platform.launcher.core.ClasspathAlignmentCheckingLauncherInterceptor.intercept(ClasspathAlignmentCheckingLauncherInterceptor.java:25)
	at org.junit.platform.launcher.core.InterceptingLauncher.execute(InterceptingLauncher.java:56)
	at org.junit.platform.launcher.core.DelegatingLauncher.execute(DelegatingLauncher.java:58)
	at java.base/jdk.internal.reflect.DirectMethodHandleAccessor.invoke(DirectMethodHandleAccessor.java:104)
	at java.base/java.lang.reflect.Method.invoke(Method.java:565)
	at org.apache.maven.surefire.api.util.ReflectionUtils.invokeMethodWithArray(ReflectionUtils.java:125)
	at org.apache.maven.surefire.junitplatform.LauncherAdapter.executeWithCancellationToken(LauncherAdapter.java:68)
	at org.apache.maven.surefire.junitplatform.LauncherAdapter.execute(LauncherAdapter.java:54)
	at org.apache.maven.surefire.junitplatform.JUnitPlatformProvider.execute(JUnitPlatformProvider.java:203)
	at org.apache.maven.surefire.junitplatform.JUnitPlatformProvider.invokeAllTests(JUnitPlatformProvider.java:168)
	at org.apache.maven.surefire.junitplatform.JUnitPlatformProvider.invoke(JUnitPlatformProvider.java:136)
	at org.apache.maven.surefire.booter.ForkedBooter.runSuitesInProcess(ForkedBooter.java:385)
	at org.apache.maven.surefire.booter.ForkedBooter.execute(ForkedBooter.java:162)
	at org.apache.maven.surefire.booter.ForkedBooter.run(ForkedBooter.java:507)
	at org.apache.maven.surefire.booter.ForkedBooter.main(ForkedBooter.java:495)
]]></system-out>
  </testcase>
  <testcase name="shouldSkipDuplicateEvents" classname="com.example.route.OrderEventProcessorTest" time="0.002">
    <system-out><![CDATA[2026-01-02 08:57:14.697  WARN [kafka-order-processor-test,,] --- [           main] com.example.route.OrderEventProcessor    : Skipping duplicate event for tradingPartner=ACME-CORP, businessUnit=WEST-REGION
]]></system-out>
  </testcase>
  <testcase name="shouldPassGroupingFlagFromEvent" classname="com.example.route.OrderEventProcessorTest" time="0.003">
    <system-out><![CDATA[2026-01-02 08:57:14.700  INFO [kafka-order-processor-test,,] --- [           main] com.example.route.OrderEventProcessor    : ╔══════════════════════════════════════════════════════════════╗
2026-01-02 08:57:14.700  INFO [kafka-order-processor-test,,] --- [           main] com.example.route.OrderEventProcessor    : ║ Processing EVENT: EVT-001 | Type: BULK_ORDER                               
2026-01-02 08:57:14.700  INFO [kafka-order-processor-test,,] --- [           main] com.example.route.OrderEventProcessor    : ║ Trading Partner: ACME-CORP | Business Unit: WEST-REGION                       
2026-01-02 08:57:14.700  INFO [kafka-order-processor-test,,] --- [           main] com.example.route.OrderEventProcessor    : ╚══════════════════════════════════════════════════════════════╝
2026-01-02 08:57:14.700  INFO [kafka-order-processor-test,,] --- [           main] com.example.route.OrderEventProcessor    : Fetched 1 orders from MongoDB in 0ms
2026-01-02 08:57:14.700  INFO [kafka-order-processor-test,,] --- [           main] com.example.route.OrderEventProcessor    : ╔══════════════════════════════════════════════════════════════╗
2026-01-02 08:57:14.700  INFO [kafka-order-processor-test,,] --- [           main] com.example.route.OrderEventProcessor    : ║ EVENT COMPLETE: EVT-001 in 0ms                                    
2026-01-02 08:57:14.700  INFO [kafka-order-processor-test,,] --- [           main] com.example.route.OrderEventProcessor    : ║ Success: 1 | Failed: 0                                      
2026-01-02 08:57:14.700  INFO [kafka-order-processor-test,,] --- [           main] com.example.route.OrderEventProcessor    : ╚══════════════════════════════════════════════════════════════╝
]]></system-out>
  </testcase>
  <testcase name="shouldSkipProcessingForEmptyOrders" classname="com.example.route.OrderEventProcessorTest" time="0.002">
    <system-out><![CDATA[2026-01-02 08:57:14.702  INFO [kafka-order-processor-test,,] --- [           main] com.example.route.OrderEventProcessor    : ╔══════════════════════════════════════════════════════════════╗
2026-01-02 08:57:14.703  INFO [kafka-order-processor-test,,] --- [           main] com.example.route.OrderEventProcessor    : ║ Processing EVENT: EVT-001 | Type: ORDER_CREATED                               
2026-01-02 08:57:14.703  INFO [kafka-order-processor-test,,] --- [           main] com.example.route.OrderEventProcessor    : ║ Trading Partner: ACME-CORP | Business Unit: WEST-REGION                       
2026-01-02 08:57:14.703  INFO [kafka-order-processor-test,,] --- [           main] com.example.route.OrderEventProcessor    : ╚══════════════════════════════════════════════════════════════╝
2026-01-02 08:57:14.703  INFO [kafka-order-processor-test,,] --- [           main] com.example.route.OrderEventProcessor    : Fetched 0 orders from MongoDB in 0ms
2026-01-02 08:57:14.703  INFO [kafka-order-processor-test,,] --- [           main] com.example.route.OrderEventProcessor    : No orders to process, committed Kafka offset
]]></system-out>
  </testcase>
  <testcase name="shouldHandleMissingManualCommitHeader" classname="com.example.route.OrderEventProcessorTest" time="0.002">
    <system-out><![CDATA[2026-01-02 08:57:14.704  INFO [kafka-order-processor-test,,] --- [           main] com.example.route.OrderEventProcessor    : ╔══════════════════════════════════════════════════════════════╗
2026-01-02 08:57:14.704  INFO [kafka-order-processor-test,,] --- [           main] com.example.route.OrderEventProcessor    : ║ Processing EVENT: EVT-001 | Type: ORDER_CREATED                               
2026-01-02 08:57:14.705  INFO [kafka-order-processor-test,,] --- [           main] com.example.route.OrderEventProcessor    : ║ Trading Partner: ACME-CORP | Business Unit: WEST-REGION                       
2026-01-02 08:57:14.705  INFO [kafka-order-processor-test,,] --- [           main] com.example.route.OrderEventProcessor    : ╚══════════════════════════════════════════════════════════════╝
2026-01-02 08:57:14.705  INFO [kafka-order-processor-test,,] --- [           main] com.example.route.OrderEventProcessor    : Fetched 0 orders from MongoDB in 0ms
2026-01-02 08:57:14.705  WARN [kafka-order-processor-test,,] --- [           main] com.example.route.OrderEventProcessor    : Manual commit header not found - auto-commit may be enabled
2026-01-02 08:57:14.705  INFO [kafka-order-processor-test,,] --- [           main] com.example.route.OrderEventProcessor    : No orders to process, committed Kafka offset
]]></system-out>
  </testcase>
  <testcase name="shouldNotCallDeadLetterWhenNoFailures" classname="com.example.route.OrderEventProcessorTest" time="0.002">
    <system-out><![CDATA[2026-01-02 08:57:14.706  INFO [kafka-order-processor-test,,] --- [           main] com.example.route.OrderEventProcessor    : ╔══════════════════════════════════════════════════════════════╗
2026-01-02 08:57:14.706  INFO [kafka-order-processor-test,,] --- [           main] com.example.route.OrderEventProcessor    : ║ Processing EVENT: EVT-001 | Type: ORDER_CREATED                               
2026-01-02 08:57:14.706  INFO [kafka-order-processor-test,,] --- [           main] com.example.route.OrderEventProcessor    : ║ Trading Partner: ACME-CORP | Business Unit: WEST-REGION                       
2026-01-02 08:57:14.706  INFO [kafka-order-processor-test,,] --- [           main] com.example.route.OrderEventProcessor    : ╚══════════════════════════════════════════════════════════════╝
2026-01-02 08:57:14.707  INFO [kafka-order-processor-test,,] --- [           main] com.example.route.OrderEventProcessor    : Fetched 1 orders from MongoDB in 0ms
2026-01-02 08:57:14.707  INFO [kafka-order-processor-test,,] --- [           main] com.example.route.OrderEventProcessor    : ╔══════════════════════════════════════════════════════════════╗
2026-01-02 08:57:14.707  INFO [kafka-order-processor-test,,] --- [           main] com.example.route.OrderEventProcessor    : ║ EVENT COMPLETE: EVT-001 in 0ms                                    
2026-01-02 08:57:14.707  INFO [kafka-order-processor-test,,] --- [           main] com.example.route.OrderEventProcessor    : ║ Success: 1 | Failed: 0                                      
2026-01-02 08:57:14.707  INFO [kafka-order-processor-test,,] --- [           main] com.example.route.OrderEventProcessor    : ╚══════════════════════════════════════════════════════════════╝
]]></system-out>
  </testcase>
  <testcase name="shouldSetEventIdHeader" classname="com.example.route.OrderEventProcessorTest" time="0.002">
    <system-out><![CDATA[2026-01-02 08:57:14.708  INFO [kafka-order-processor-test,,] --- [           main] com.example.route.OrderEventProcessor    : ╔══════════════════════════════════════════════════════════════╗
2026-01-02 08:57:14.708  INFO [kafka-order-processor-test,,] --- [           main] com.example.route.OrderEventProcessor    : ║ Processing EVENT: EVT-001 | Type: ORDER_CREATED                               
2026-01-02 08:57:14.708  INFO [kafka-order-processor-test,,] --- [           main] com.example.route.OrderEventProcessor    : ║ Trading Partner: ACME-CORP | Business Unit: WEST-REGION                       
2026-01-02 08:57:14.708  INFO [kafka-order-processor-test,,] --- [           main] com.example.route.OrderEventProcessor    : ╚══════════════════════════════════════════════════════════════╝
2026-01-02 08:57:14.708  INFO [kafka-order-processor-test,,] --- [           main] com.example.route.OrderEventProcessor    : Fetched 1 orders from MongoDB in 0ms
2026-01-02 08:57:14.709  INFO [kafka-order-processor-test,,] --- [           main] com.example.route.OrderEventProcessor    : ╔══════════════════════════════════════════════════════════════╗
2026-01-02 08:57:14.709  INFO [kafka-order-processor-test,,] --- [           main] com.example.route.OrderEventProcessor    : ║ EVENT COMPLETE: EVT-001 in 1ms                                    
2026-01-02 08:57:14.709  INFO [kafka-order-processor-test,,] --- [           main] com.example.route.OrderEventProcessor    : ║ Success: 1 | Failed: 0                                      
2026-01-02 08:57:14.709  INFO [kafka-order-processor-test,,] --- [           main] com.example.route.OrderEventProcessor    : ╚══════════════════════════════════════════════════════════════╝
]]></system-out>
  </testcase>
  <testcase name="shouldIncrementKafkaBatchMetric" classname="com.example.route.OrderEventProcessorTest" time="0.001">
    <system-out><![CDATA[2026-01-02 08:57:14.710  INFO [kafka-order-processor-test,,] --- [           main] com.example.route.OrderEventProcessor    : ╔══════════════════════════════════════════════════════════════╗
2026-01-02 08:57:14.710  INFO [kafka-order-processor-test,,] --- [           main] com.example.route.OrderEventProcessor    : ║ Processing EVENT: EVT-001 | Type: ORDER_CREATED                               
2026-01-02 08:57:14.710  INFO [kafka-order-processor-test,,] --- [           main] com.example.route.OrderEventProcessor    : ║ Trading Partner: ACME-CORP | Business Unit: WEST-REGION                       
2026-01-02 08:57:14.710  INFO [kafka-order-processor-test,,] --- [           main] com.example.route.OrderEventProcessor    : ╚══════════════════════════════════════════════════════════════╝
2026-01-02 08:57:14.710  INFO [kafka-order-processor-test,,] --- [           main] com.example.route.OrderEventProcessor    : Fetched 0 orders from MongoDB in 0ms
2026-01-02 08:57:14.710  INFO [kafka-order-processor-test,,] --- [           main] com.example.route.OrderEventProcessor    : No orders to process, committed Kafka offset
]]></system-out>
  </testcase>
  <testcase name="shouldRecordTotalEventTimer" classname="com.example.route.OrderEventProcessorTest" time="0.002">
    <system-out><![CDATA[2026-01-02 08:57:14.711  INFO [kafka-order-processor-test,,] --- [           main] com.example.route.OrderEventProcessor    : ╔══════════════════════════════════════════════════════════════╗
2026-01-02 08:57:14.712  INFO [kafka-order-processor-test,,] --- [           main] com.example.route.OrderEventProcessor    : ║ Processing EVENT: EVT-001 | Type: ORDER_CREATED                               
2026-01-02 08:57:14.712  INFO [kafka-order-processor-test,,] --- [           main] com.example.route.OrderEventProcessor    : ║ Trading Partner: ACME-CORP | Business Unit: WEST-REGION                       
2026-01-02 08:57:14.712  INFO [kafka-order-processor-test,,] --- [           main] com.example.route.OrderEventProcessor    : ╚══════════════════════════════════════════════════════════════╝
2026-01-02 08:57:14.712  INFO [kafka-order-processor-test,,] --- [           main] com.example.route.OrderEventProcessor    : Fetched 1 orders from MongoDB in 0ms
2026-01-02 08:57:14.712  INFO [kafka-order-processor-test,,] --- [           main] com.example.route.OrderEventProcessor    : ╔══════════════════════════════════════════════════════════════╗
2026-01-02 08:57:14.712  INFO [kafka-order-processor-test,,] --- [           main] com.example.route.OrderEventProcessor    : ║ EVENT COMPLETE: EVT-001 in 0ms                                    
2026-01-02 08:57:14.712  INFO [kafka-order-processor-test,,] --- [           main] com.example.route.OrderEventProcessor    : ║ Success: 1 | Failed: 0                                      
2026-01-02 08:57:14.712  INFO [kafka-order-processor-test,,] --- [           main] com.example.route.OrderEventProcessor    : ╚══════════════════════════════════════════════════════════════╝
]]></system-out>
  </testcase>
  <testcase name="shouldSendFailuresToDeadLetter" classname="com.example.route.OrderEventProcessorTest" time="0.002">
    <system-out><![CDATA[2026-01-02 08:57:14.713  INFO [kafka-order-processor-test,,] --- [           main] com.example.route.OrderEventProcessor    : ╔══════════════════════════════════════════════════════════════╗
2026-01-02 08:57:14.713  INFO [kafka-order-processor-test,,] --- [           main] com.example.route.OrderEventProcessor    : ║ Processing EVENT: EVT-001 | Type: ORDER_CREATED                               
2026-01-02 08:57:14.713  INFO [kafka-order-processor-test,,] --- [           main] com.example.route.OrderEventProcessor    : ║ Trading Partner: ACME-CORP | Business Unit: WEST-REGION                       
2026-01-02 08:57:14.713  INFO [kafka-order-processor-test,,] --- [           main] com.example.route.OrderEventProcessor    : ╚══════════════════════════════════════════════════════════════╝
2026-01-02 08:57:14.713  INFO [kafka-order-processor-test,,] --- [           main] com.example.route.OrderEventProcessor    : Fetched 2 orders from MongoDB in 0ms
2026-01-02 08:57:14.714  INFO [kafka-order-processor-test,,] --- [           main] com.example.route.OrderEventProcessor    : ╔══════════════════════════════════════════════════════════════╗
2026-01-02 08:57:14.714  INFO [kafka-order-processor-test,,] --- [           main] com.example.route.OrderEventProcessor    : ║ EVENT COMPLETE: EVT-001 in 1ms                                    
2026-01-02 08:57:14.714  INFO [kafka-order-processor-test,,] --- [           main] com.example.route.OrderEventProcessor    : ║ Success: 1 | Failed: 1                                      
2026-01-02 08:57:14.714  INFO [kafka-order-processor-test,,] --- [           main] com.example.route.OrderEventProcessor    : ╚══════════════════════════════════════════════════════════════╝
]]></system-out>
  </testcase>
  <testcase name="shouldProcessEventAndCommitOffset" classname="com.example.route.OrderEventProcessorTest" time="0.003">
    <system-out><![CDATA[2026-01-02 08:57:14.715  INFO [kafka-order-processor-test,,] --- [           main] com.example.route.OrderEventProcessor    : ╔══════════════════════════════════════════════════════════════╗
2026-01-02 08:57:14.715  INFO [kafka-order-processor-test,,] --- [           main] com.example.route.OrderEventProcessor    : ║ Processing EVENT: EVT-001 | Type: ORDER_CREATED                               
2026-01-02 08:57:14.715  INFO [kafka-order-processor-test,,] --- [           main] com.example.route.OrderEventProcessor    : ║ Trading Partner: ACME-CORP | Business Unit: WEST-REGION                       
2026-01-02 08:57:14.715  INFO [kafka-order-processor-test,,] --- [           main] com.example.route.OrderEventProcessor    : ╚══════════════════════════════════════════════════════════════╝
2026-01-02 08:57:14.715  INFO [kafka-order-processor-test,,] --- [           main] com.example.route.OrderEventProcessor    : Fetched 1 orders from MongoDB in 0ms
2026-01-02 08:57:14.715  INFO [kafka-order-processor-test,,] --- [           main] com.example.route.OrderEventProcessor    : ╔══════════════════════════════════════════════════════════════╗
2026-01-02 08:57:14.715  INFO [kafka-order-processor-test,,] --- [           main] com.example.route.OrderEventProcessor    : ║ EVENT COMPLETE: EVT-001 in 0ms                                    
2026-01-02 08:57:14.715  INFO [kafka-order-processor-test,,] --- [           main] com.example.route.OrderEventProcessor    : ║ Success: 1 | Failed: 0                                      
2026-01-02 08:57:14.715  INFO [kafka-order-processor-test,,] --- [           main] com.example.route.OrderEventProcessor    : ╚══════════════════════════════════════════════════════════════╝
]]></system-out>
  </testcase>
</testsuite>