<?xml version="1.0" encoding="UTF-8"?>
<testsuite xmlns:xsi="http://www.w3.org/2001/XMLSchema-instance" xsi:noNamespaceSchemaLocation="https://maven.apache.org/surefire/maven-surefire-plugin/xsd/surefire-test-report.xsd" version="3.0.2" name="com.example.service.processing.BusinessLogicServiceTest" time="0.012" tests="8" errors="0" skipped="0" failures="0">
  <properties>
[...]
</properties>
  <testcase name="shouldCalculateFinalPrice" classname="com.example.service.processing.BusinessLogicServiceTest" time="0.006">
    <system-out><![CDATA[2026-01-02 08:57:14.855  INFO [kafka-order-processor,,] --- [           main] c.e.s.processing.BusinessLogicService    : BusinessLogicService initialized with concurrency limit: 5
2026-01-02 08:57:14.856  INFO [kafka-order-processor,,] --- [           main] c.e.s.processing.BusinessLogicService    : Processing 1 orders in PARALLEL (max 5 concurrent)...
2026-01-02 08:57:14.856  INFO [kafka-order-processor,,] --- [           main] c.e.s.processing.BusinessLogicService    : Processing complete: 1 successes, 0 failures
]]></system-out>
  </testcase>
  <testcase name="shouldIncludeWarehouseLocation" classname="com.example.service.processing.BusinessLogicServiceTest" time="0.001">
    <system-out><![CDATA[2026-01-02 08:57:14.862  INFO [kafka-order-processor,,] --- [           main] c.e.s.processing.BusinessLogicService    : BusinessLogicService initialized with concurrency limit: 5
2026-01-02 08:57:14.862  INFO [kafka-order-processor,,] --- [           main] c.e.s.processing.BusinessLogicService    : Processing 1 orders in PARALLEL (max 5 concurrent)...
2026-01-02 08:57:14.862  INFO [kafka-order-processor,,] --- [           main] c.e.s.processing.BusinessLogicService    : Processing complete: 1 successes, 0 failures
]]></system-out>
  </testcase>
  <testcase name="shouldProcessSingleOrder" classname="com.example.service.processing.BusinessLogicServiceTest" time="0.0">
    <system-out><![CDATA[2026-01-02 08:57:14.862  INFO [kafka-order-processor,,] --- [           main] c.e.s.processing.BusinessLogicService    : BusinessLogicService initialized with concurrency limit: 5
2026-01-02 08:57:14.862  INFO [kafka-order-processor,,] --- [           main] c.e.s.processing.BusinessLogicService    : Processing 1 orders in PARALLEL (max 5 concurrent)...
2026-01-02 08:57:14.862  INFO [kafka-order-processor,,] --- [           main] c.e.s.processing.BusinessLogicService    : Processing complete: 1 successes, 0 failures
]]></system-out>
  </testcase>
  <testcase name="shouldHandleEmptyOrderList" classname="com.example.service.processing.BusinessLogicServiceTest" time="0.001">
    <system-out><![CDATA[2026-01-02 08:57:14.863  INFO [kafka-order-processor,,] --- [           main] c.e.s.processing.BusinessLogicService    : BusinessLogicService initialized with concurrency limit: 5
]]></system-out>
  </testcase>
  <testcase name="shouldIncludeCustomerData" classname="com.example.service.processing.BusinessLogicServiceTest" time="0.0">
    <system-out><![CDATA[2026-01-02 08:57:14.863  INFO [kafka-order-processor,,] --- [           main] c.e.s.processing.BusinessLogicService    : BusinessLogicService initialized with concurrency limit: 5
2026-01-02 08:57:14.863  INFO [kafka-order-processor,,] --- [           main] c.e.s.processing.BusinessLogicService    : Processing 1 orders in PARALLEL (max 5 concurrent)...
2026-01-02 08:57:14.863  INFO [kafka-order-processor,,] --- [           main] c.e.s.processing.BusinessLogicService    : Processing complete: 1 successes, 0 failures
]]></system-out>
  </testcase>
  <testcase name="shouldProcessOrdersWithDifferentAmounts" classname="com.example.service.processing.BusinessLogicServiceTest" time="0.001">
    <system-out><![CDATA[2026-01-02 08:57:14.863  INFO [kafka-order-processor,,] --- [           main] c.e.s.processing.BusinessLogicService    : BusinessLogicService initialized with concurrency limit: 5
2026-01-02 08:57:14.863  INFO [kafka-order-processor,,] --- [           main] c.e.s.processing.BusinessLogicService    : Processing 2 orders in PARALLEL (max 5 concurrent)...
2026-01-02 08:57:14.863  INFO [kafka-order-processor,,] --- [           main] c.e.s.processing.BusinessLogicService    : Processing complete: 2 successes, 0 failures
]]></system-out>
  </testcase>
  <testcase name="shouldProcessMultipleOrdersInParallel" classname="com.example.service.processing.BusinessLogicServiceTest" time="0.002">
    <system-out><![CDATA[2026-01-02 08:57:14.864  INFO [kafka-order-processor,,] --- [           main] c.e.s.processing.BusinessLogicService    : BusinessLogicService initialized with concurrency limit: 5
2026-01-02 08:57:14.866  INFO [kafka-order-processor,,] --- [           main] c.e.s.processing.BusinessLogicService    : Processing 20 orders in PARALLEL (max 5 concurrent)...
2026-01-02 08:57:14.866  INFO [kafka-order-processor,,] --- [           main] c.e.s.processing.BusinessLogicService    : Processing complete: 20 successes, 0 failures
]]></system-out>
  </testcase>
  <testcase name="shouldSetCorrectStatus" classname="com.example.service.processing.BusinessLogicServiceTest" time="0.001">
    <system-out><![CDATA[2026-01-02 08:57:14.867  INFO [kafka-order-processor,,] --- [           main] c.e.s.processing.BusinessLogicService    : BusinessLogicService initialized with concurrency limit: 5
2026-01-02 08:57:14.867  INFO [kafka-order-processor,,] --- [           main] c.e.s.processing.BusinessLogicService    : Processing 1 orders in PARALLEL (max 5 concurrent)...
2026-01-02 08:57:14.867  INFO [kafka-order-processor,,] --- [           main] c.e.s.processing.BusinessLogicService    : Processing complete: 1 successes, 0 failures
]]></system-out>
  </testcase>
</testsuite>